<?xml version="1.0" encoding="UTF-8"?>
<testsuite xmlns:xsi="http://www.w3.org/2001/XMLSchema-instance" xsi:noNamespaceSchemaLocation="https://maven.apache.org/surefire/maven-surefire-plugin/xsd/surefire-test-report.xsd" name="TestSuite" time="0.328" tests="0" errors="0" skipped="0" failures="0">
  <properties>
    <property name="java.specification.version" value="16"/>
    <property name="sun.jnu.encoding" value="UTF-8"/>
    <property name="java.class.path" value="/Volumes/Projects/Interviewguide/target/test-classes:/Volumes/Projects/Interviewguide/target/classes:/Users/bolof/.m2/repository/org/junit/junit5-engine/5.0.0-ALPHA/junit5-engine-5.0.0-ALPHA.jar:/Users/bolof/.m2/repository/org/junit/junit5-api/5.0.0-ALPHA/junit5-api-5.0.0-ALPHA.jar:/Users/bolof/.m2/repository/org/junit/junit-commons/5.0.0-ALPHA/junit-commons-5.0.0-ALPHA.jar:/Users/bolof/.m2/repository/org/junit/junit-engine-api/5.0.0-ALPHA/junit-engine-api-5.0.0-ALPHA.jar:/Users/bolof/.m2/repository/org/testng/testng/7.4.0/testng-7.4.0.jar:/Users/bolof/.m2/repository/com/beust/jcommander/1.78/jcommander-1.78.jar:/Users/bolof/.m2/repository/org/webjars/jquery/3.5.1/jquery-3.5.1.jar:/Users/bolof/.m2/repository/org/junit/jupiter/junit-jupiter-api/5.8.0-RC1/junit-jupiter-api-5.8.0-RC1.jar:/Users/bolof/.m2/repository/org/opentest4j/opentest4j/1.2.0/opentest4j-1.2.0.jar:/Users/bolof/.m2/repository/org/junit/platform/junit-platform-commons/1.8.0-RC1/junit-platform-commons-1.8.0-RC1.jar:/Users/bolof/.m2/repository/org/apiguardian/apiguardian-api/1.1.2/apiguardian-api-1.1.2.jar:"/>
    <property name="java.vm.vendor" value="Homebrew"/>
    <property name="sun.arch.data.model" value="64"/>
    <property name="java.vendor.url" value="https://github.com/Homebrew/homebrew-core/issues"/>
    <property name="os.name" value="Mac OS X"/>
    <property name="java.vm.specification.version" value="16"/>
    <property name="sun.java.launcher" value="SUN_STANDARD"/>
    <property name="user.country" value="US"/>
    <property name="sun.boot.library.path" value="/usr/local/Cellar/openjdk/16.0.1/libexec/openjdk.jdk/Contents/Home/lib"/>
    <property name="sun.java.command" value="/Volumes/Projects/Interviewguide/target/surefire/surefirebooter10052809484942536227.jar /Volumes/Projects/Interviewguide/target/surefire 2021-09-04T22-20-12_649-jvmRun1 surefire4907927615460535592tmp surefire_016002689245615024859tmp"/>
    <property name="http.nonProxyHosts" value="local|*.local|169.254/16|*.169.254/16"/>
    <property name="jdk.debug" value="release"/>
    <property name="surefire.test.class.path" value="/Volumes/Projects/Interviewguide/target/test-classes:/Volumes/Projects/Interviewguide/target/classes:/Users/bolof/.m2/repository/org/junit/junit5-engine/5.0.0-ALPHA/junit5-engine-5.0.0-ALPHA.jar:/Users/bolof/.m2/repository/org/junit/junit5-api/5.0.0-ALPHA/junit5-api-5.0.0-ALPHA.jar:/Users/bolof/.m2/repository/org/junit/junit-commons/5.0.0-ALPHA/junit-commons-5.0.0-ALPHA.jar:/Users/bolof/.m2/repository/org/junit/junit-engine-api/5.0.0-ALPHA/junit-engine-api-5.0.0-ALPHA.jar:/Users/bolof/.m2/repository/org/testng/testng/7.4.0/testng-7.4.0.jar:/Users/bolof/.m2/repository/com/beust/jcommander/1.78/jcommander-1.78.jar:/Users/bolof/.m2/repository/org/webjars/jquery/3.5.1/jquery-3.5.1.jar:/Users/bolof/.m2/repository/org/junit/jupiter/junit-jupiter-api/5.8.0-RC1/junit-jupiter-api-5.8.0-RC1.jar:/Users/bolof/.m2/repository/org/opentest4j/opentest4j/1.2.0/opentest4j-1.2.0.jar:/Users/bolof/.m2/repository/org/junit/platform/junit-platform-commons/1.8.0-RC1/junit-platform-commons-1.8.0-RC1.jar:/Users/bolof/.m2/repository/org/apiguardian/apiguardian-api/1.1.2/apiguardian-api-1.1.2.jar:"/>
    <property name="sun.cpu.endian" value="little"/>
    <property name="user.home" value="/Users/bolof"/>
    <property name="user.language" value="en"/>
    <property name="java.specification.vendor" value="Oracle Corporation"/>
    <property name="java.version.date" value="2021-04-20"/>
    <property name="java.home" value="/usr/local/Cellar/openjdk/16.0.1/libexec/openjdk.jdk/Contents/Home"/>
    <property name="file.separator" value="/"/>
    <property name="basedir" value="/Volumes/Projects/Interviewguide"/>
    <property name="java.vm.compressedOopsMode" value="Zero based"/>
    <property name="line.separator" value="&#10;"/>
    <property name="java.specification.name" value="Java Platform API Specification"/>
    <property name="java.vm.specification.vendor" value="Oracle Corporation"/>
    <property name="surefire.real.class.path" value="/Volumes/Projects/Interviewguide/target/surefire/surefirebooter10052809484942536227.jar"/>
    <property name="sun.management.compiler" value="HotSpot 64-Bit Tiered Compilers"/>
    <property name="ftp.nonProxyHosts" value="local|*.local|169.254/16|*.169.254/16"/>
    <property name="java.runtime.version" value="16.0.1+0"/>
    <property name="user.name" value="bolof"/>
    <property name="path.separator" value=":"/>
    <property name="os.version" value="11.5.2"/>
    <property name="java.runtime.name" value="OpenJDK Runtime Environment"/>
    <property name="file.encoding" value="UTF-8"/>
    <property name="java.vm.name" value="OpenJDK 64-Bit Server VM"/>
    <property name="java.vendor.version" value="Homebrew"/>
    <property name="localRepository" value="/Users/bolof/.m2/repository"/>
    <property name="java.vendor.url.bug" value="https://github.com/Homebrew/homebrew-core/issues"/>
    <property name="java.io.tmpdir" value="/var/folders/_t/8jmbmg3x60l5h0psn2mc0ll80000gn/T/"/>
    <property name="java.version" value="16.0.1"/>
    <property name="user.dir" value="/Volumes/Projects/Interviewguide"/>
    <property name="os.arch" value="x86_64"/>
    <property name="java.vm.specification.name" value="Java Virtual Machine Specification"/>
    <property name="java.library.path" value="/Users/bolof/Library/Java/Extensions:/Library/Java/Extensions:/Network/Library/Java/Extensions:/System/Library/Java/Extensions:/usr/lib/java:."/>
    <property name="java.vm.info" value="mixed mode, sharing"/>
    <property name="java.vendor" value="Homebrew"/>
    <property name="java.vm.version" value="16.0.1+0"/>
    <property name="sun.io.unicode.encoding" value="UnicodeBig"/>
    <property name="socksNonProxyHosts" value="local|*.local|169.254/16|*.169.254/16"/>
    <property name="java.class.version" value="60.0"/>
  </properties>
</testsuite>